2022-02-15 16:30:27,139 basepage.py[line:29]INFO - 获取到元素：('xpath', '//android.widget.FrameLayout[@content-desc="酒店"]/android.widget.FrameLayout/android.widget.FrameLayout/android.widget.LinearLayout')
2022-02-15 16:30:36,124 basepage.py[line:32]INFO - 获取元素失败：('xpath', '//*[@class="android.widget.Image" and @text="close-icon-white"]')
2022-02-15 16:30:36,283 basepage.py[line:29]INFO - 获取到元素：('xpath', '//*[@resource-id="ctrip.android.view:id/a" and @text="查 询"]')
2022-02-15 16:31:01,768 basepage.py[line:29]INFO - 获取到元素：('xpath', '//*[@class="android.widget.ImageView" and @content-desc="关键字/位置/品牌/酒店名"]')
2022-02-15 16:31:06,880 basepage.py[line:29]INFO - 获取到元素：('xpath', '//*[@resource-id="ctrip.android.view:id/a" and @class="android.widget.EditText"]')
2022-02-15 16:31:09,951 basepage.py[line:29]INFO - 获取到元素：('xpath', '//*[@resource-id="ctrip.android.view:id/a" and @class="android.view.ViewGroup"]')
2022-02-15 16:31:22,836 basepage.py[line:40]INFO - 获取到元素：('xpath', '//*[@class="android.view.View" and contains(@content-desc, "南京固城湾开元度假酒店")]')
2022-02-15 16:31:53,708 basepage.py[line:40]INFO - 获取到元素：('xpath', "//*[contains(@content-desc, '入住') and @class='android.view.View']")
2022-02-15 16:32:33,406 basepage.py[line:32]INFO - 获取元素失败：('xpath', "//*[contains(@content-desc, '开元酒店集团官方旗舰店') and @class='android.view.View']")
2022-02-15 16:32:34,981 basepage.py[line:40]INFO - 获取到元素：('xpath', "//*[contains(@content-desc, '入住') and @class='android.view.View']")
2022-02-15 16:32:44,790 basepage.py[line:32]INFO - 获取元素失败：('xpath', "//*[contains(@content-desc, '开元酒店集团官方旗舰店') and @class='android.view.View']")
2022-02-15 16:32:46,382 basepage.py[line:40]INFO - 获取到元素：('xpath', "//*[contains(@content-desc, '入住') and @class='android.view.View']")
2022-02-15 16:33:01,163 basepage.py[line:32]INFO - 获取元素失败：('xpath', "//*[contains(@content-desc, '开元酒店集团官方旗舰店') and @class='android.view.View']")
2022-02-15 16:33:05,346 basepage.py[line:40]INFO - 获取到元素：('xpath', "//*[contains(@content-desc, '入住') and @class='android.view.View']")
2022-02-15 16:33:19,169 basepage.py[line:32]INFO - 获取元素失败：('xpath', "//*[contains(@content-desc, '开元酒店集团官方旗舰店') and @class='android.view.View']")
2022-02-15 16:33:27,144 basepage.py[line:40]INFO - 获取到元素：('xpath', "//*[contains(@content-desc, '入住') and @class='android.view.View']")
2022-02-15 16:33:32,343 basepage.py[line:29]INFO - 获取到元素：('xpath', "//*[contains(@content-desc, '开元酒店集团官方旗舰店') and @class='android.view.View']")
2022-02-15 16:34:13,281 basepage.py[line:29]INFO - 获取到元素：('xpath', '//*[@class="android.view.View" and contains(@content-desc, "南京固城湾开元度假酒店")]')
2022-02-15 16:34:20,618 basepage.py[line:29]INFO - 获取到元素：('xpath', '//*[@resource-id="ctrip.android.view:id/a" and @class="android.widget.EditText"]')
2022-02-15 16:34:26,405 basepage.py[line:29]INFO - 获取到元素：('xpath', '//*[@resource-id="ctrip.android.view:id/a" and @class="android.view.ViewGroup"]')
2022-02-15 16:34:40,181 basepage.py[line:40]INFO - 获取到元素：('xpath', '//*[@class="android.view.View" and contains(@content-desc, "盐城开元芳草地乡村酒店")]')
2022-02-15 16:34:48,358 basepage.py[line:40]INFO - 获取到元素：('xpath', "//*[contains(@content-desc, '入住') and @class='android.view.View']")
2022-02-15 16:35:07,873 basepage.py[line:32]INFO - 获取元素失败：('xpath', "//*[contains(@content-desc, '开元酒店集团官方旗舰店') and @class='android.view.View']")
2022-02-15 16:35:12,857 basepage.py[line:40]INFO - 获取到元素：('xpath', "//*[contains(@content-desc, '入住') and @class='android.view.View']")
2022-02-15 16:35:41,731 basepage.py[line:32]INFO - 获取元素失败：('xpath', "//*[contains(@content-desc, '开元酒店集团官方旗舰店') and @class='android.view.View']")
2022-02-15 16:35:47,620 basepage.py[line:40]INFO - 获取到元素：('xpath', "//*[contains(@content-desc, '入住') and @class='android.view.View']")
2022-02-15 16:35:59,030 basepage.py[line:32]INFO - 获取元素失败：('xpath', "//*[contains(@content-desc, '开元酒店集团官方旗舰店') and @class='android.view.View']")
2022-02-15 16:36:00,848 basepage.py[line:40]INFO - 获取到元素：('xpath', "//*[contains(@content-desc, '入住') and @class='android.view.View']")
2022-02-15 16:36:06,275 basepage.py[line:29]INFO - 获取到元素：('xpath', "//*[contains(@content-desc, '开元酒店集团官方旗舰店') and @class='android.view.View']")
