2022-02-15 13:54:24,549 basepage.py[line:29]INFO - 获取到元素：('xpath', '//android.widget.FrameLayout[@content-desc="酒店"]/android.widget.FrameLayout/android.widget.FrameLayout/android.widget.LinearLayout')
2022-02-15 13:54:37,398 basepage.py[line:32]INFO - 获取元素失败：('xpath', '//*[@class="android.widget.Image" and @text="close-icon-white"]')
2022-02-15 13:54:37,606 basepage.py[line:29]INFO - 获取到元素：('xpath', '//*[@resource-id="ctrip.android.view:id/a" and @text="查 询"]')
2022-02-15 13:54:40,836 basepage.py[line:29]INFO - 获取到元素：('xpath', '//*[@class="android.widget.ImageView" and @content-desc="关键字/位置/品牌/酒店名"]')
2022-02-15 13:54:42,243 basepage.py[line:29]INFO - 获取到元素：('xpath', '//*[@resource-id="ctrip.android.view:id/a" and @class="android.widget.EditText"]')
2022-02-15 13:54:43,407 basepage.py[line:29]INFO - 获取到元素：('xpath', '//*[@resource-id="ctrip.android.view:id/a" and @class="android.view.ViewGroup"]')
2022-02-15 13:54:44,686 basepage.py[line:40]INFO - 获取到元素：('xpath', '//*[@class="android.view.View" and contains(@content-desc, "杭州浙勤开元名都大酒店")]')
2022-02-15 13:54:46,586 basepage.py[line:40]INFO - 获取到元素：('xpath', "//*[contains(@content-desc, '入住') and @class='android.view.View']")
2022-02-15 13:54:52,310 basepage.py[line:32]INFO - 获取元素失败：('xpath', "//*[contains(@content-desc, '开元酒店集团官方旗舰店') and @class='android.view.View']")
2022-02-15 13:54:54,275 basepage.py[line:40]INFO - 获取到元素：('xpath', "//*[contains(@content-desc, '入住') and @class='android.view.View']")
2022-02-15 13:55:04,914 basepage.py[line:32]INFO - 获取元素失败：('xpath', "//*[contains(@content-desc, '开元酒店集团官方旗舰店') and @class='android.view.View']")
2022-02-15 13:55:11,935 basepage.py[line:40]INFO - 获取到元素：('xpath', "//*[contains(@content-desc, '入住') and @class='android.view.View']")
2022-02-15 13:55:17,403 basepage.py[line:32]INFO - 获取元素失败：('xpath', "//*[contains(@content-desc, '开元酒店集团官方旗舰店') and @class='android.view.View']")
2022-02-15 13:55:24,500 basepage.py[line:40]INFO - 获取到元素：('xpath', "//*[contains(@content-desc, '入住') and @class='android.view.View']")
2022-02-15 13:55:24,548 basepage.py[line:29]INFO - 获取到元素：('xpath', "//*[contains(@content-desc, '开元酒店集团官方旗舰店') and @class='android.view.View']")
2022-02-15 13:55:25,707 basepage.py[line:29]INFO - 获取到元素：('xpath', '//*[@class="android.view.View" and contains(@content-desc, "杭州浙勤开元名都大酒店")]')
2022-02-15 13:55:27,037 basepage.py[line:29]INFO - 获取到元素：('xpath', '//*[@resource-id="ctrip.android.view:id/a" and @class="android.widget.EditText"]')
2022-02-15 13:55:28,216 basepage.py[line:29]INFO - 获取到元素：('xpath', '//*[@resource-id="ctrip.android.view:id/a" and @class="android.view.ViewGroup"]')
2022-02-15 13:55:29,681 basepage.py[line:40]INFO - 获取到元素：('xpath', '//*[@class="android.view.View" and contains(@content-desc, "南京固城湾开元度假酒店")]')
2022-02-15 13:55:32,450 basepage.py[line:40]INFO - 获取到元素：('xpath', "//*[contains(@content-desc, '入住') and @class='android.view.View']")
2022-02-15 13:55:38,435 basepage.py[line:32]INFO - 获取元素失败：('xpath', "//*[contains(@content-desc, '开元酒店集团官方旗舰店') and @class='android.view.View']")
2022-02-15 13:55:40,692 basepage.py[line:40]INFO - 获取到元素：('xpath', "//*[contains(@content-desc, '入住') and @class='android.view.View']")
2022-02-15 13:55:58,276 basepage.py[line:32]INFO - 获取元素失败：('xpath', "//*[contains(@content-desc, '开元酒店集团官方旗舰店') and @class='android.view.View']")
2022-02-15 13:56:00,124 basepage.py[line:40]INFO - 获取到元素：('xpath', "//*[contains(@content-desc, '入住') and @class='android.view.View']")
2022-02-15 13:56:10,933 basepage.py[line:32]INFO - 获取元素失败：('xpath', "//*[contains(@content-desc, '开元酒店集团官方旗舰店') and @class='android.view.View']")
2022-02-15 13:56:13,310 basepage.py[line:40]INFO - 获取到元素：('xpath', "//*[contains(@content-desc, '入住') and @class='android.view.View']")
2022-02-15 13:56:28,950 basepage.py[line:32]INFO - 获取元素失败：('xpath', "//*[contains(@content-desc, '开元酒店集团官方旗舰店') and @class='android.view.View']")
2022-02-15 13:56:30,668 basepage.py[line:40]INFO - 获取到元素：('xpath', "//*[contains(@content-desc, '入住') and @class='android.view.View']")
2022-02-15 13:56:35,870 basepage.py[line:29]INFO - 获取到元素：('xpath', "//*[contains(@content-desc, '开元酒店集团官方旗舰店') and @class='android.view.View']")
