2022-02-14 16:43:09,163 basepage.py[line:27]INFO - 获取到元素：('xpath', '//android.widget.FrameLayout[@content-desc="酒店"]/android.widget.FrameLayout/android.widget.FrameLayout/android.widget.LinearLayout')
2022-02-14 16:43:35,200 basepage.py[line:30]INFO - 获取元素失败：('xpath', '//*[@class="android.widget.Image" and @text="close-icon-white"]')
2022-02-14 16:43:40,950 basepage.py[line:27]INFO - 获取到元素：('xpath', '//*[@resource-id="ctrip.android.view:id/a" and @text="查 询"]')
2022-02-14 16:43:54,023 basepage.py[line:27]INFO - 获取到元素：('xpath', '//*[@class="android.widget.ImageView" and @content-desc="关键字/位置/品牌/酒店名"]')
2022-02-14 16:44:05,983 basepage.py[line:27]INFO - 获取到元素：('xpath', '//*[@resource-id="ctrip.android.view:id/a" and @class="android.widget.EditText"]')
2022-02-14 16:44:14,001 basepage.py[line:27]INFO - 获取到元素：('xpath', '//*[@resource-id="ctrip.android.view:id/a" and @class="android.view.ViewGroup"]')
2022-02-14 16:44:25,872 basepage.py[line:37]INFO - 获取到元素：('xpath', '//*[contains(@content-desc, "杭州浙勤开元名都大酒店")]')
2022-02-14 16:44:46,100 basepage.py[line:37]INFO - 获取到元素：('xpath', "//*[contains(@content-desc, '入住') and @class='android.view.View']")
2022-02-14 16:45:11,212 basepage.py[line:30]INFO - 获取元素失败：('xpath', "//*[contains(@content-desc, '开元酒店集团官方旗舰店') and @class='android.view.View']")
2022-02-14 16:45:15,601 basepage.py[line:37]INFO - 获取到元素：('xpath', "//*[contains(@content-desc, '入住') and @class='android.view.View']")
2022-02-14 16:45:59,740 basepage.py[line:30]INFO - 获取元素失败：('xpath', "//*[contains(@content-desc, '开元酒店集团官方旗舰店') and @class='android.view.View']")
2022-02-14 16:46:03,221 basepage.py[line:37]INFO - 获取到元素：('xpath', "//*[contains(@content-desc, '入住') and @class='android.view.View']")
2022-02-14 16:46:39,195 basepage.py[line:30]INFO - 获取元素失败：('xpath', "//*[contains(@content-desc, '开元酒店集团官方旗舰店') and @class='android.view.View']")
2022-02-14 16:46:55,382 basepage.py[line:40]INFO - 获取元素失败：('xpath', "//*[contains(@content-desc, '入住') and @class='android.view.View']")
2022-02-14 16:46:56,682 basepage.py[line:27]INFO - 获取到元素：('xpath', "//*[contains(@content-desc, '开元酒店集团官方旗舰店') and @class='android.view.View']")
2022-02-14 16:46:59,974 basepage.py[line:27]INFO - 获取到元素：('xpath', "//android.view.View[@content-desc='收藏']/preceding-sibling::android.view.View[1]")
2022-02-14 16:47:06,415 basepage.py[line:27]INFO - 获取到元素：('xpath', '//*[contains(@content-desc, "杭州浙勤开元名都大酒店")]')
2022-02-14 16:47:17,162 basepage.py[line:27]INFO - 获取到元素：('xpath', '//*[@resource-id="ctrip.android.view:id/a" and @class="android.widget.EditText"]')
2022-02-14 16:47:28,699 basepage.py[line:27]INFO - 获取到元素：('xpath', '//*[@resource-id="ctrip.android.view:id/a" and @class="android.view.ViewGroup"]')
2022-02-14 16:47:41,724 basepage.py[line:37]INFO - 获取到元素：('xpath', '//*[contains(@content-desc, "南京固城湾开元度假酒店")]')
2022-02-14 16:47:57,269 basepage.py[line:37]INFO - 获取到元素：('xpath', "//*[contains(@content-desc, '入住') and @class='android.view.View']")
2022-02-14 16:48:23,448 basepage.py[line:30]INFO - 获取元素失败：('xpath', "//*[contains(@content-desc, '开元酒店集团官方旗舰店') and @class='android.view.View']")
2022-02-14 16:48:27,502 basepage.py[line:37]INFO - 获取到元素：('xpath', "//*[contains(@content-desc, '入住') and @class='android.view.View']")
2022-02-14 16:49:09,185 basepage.py[line:30]INFO - 获取元素失败：('xpath', "//*[contains(@content-desc, '开元酒店集团官方旗舰店') and @class='android.view.View']")
2022-02-14 16:49:13,906 basepage.py[line:37]INFO - 获取到元素：('xpath', "//*[contains(@content-desc, '入住') and @class='android.view.View']")
