2022-02-15 13:18:04,019 basepage.py[line:29]INFO - 获取到元素：('xpath', '//android.widget.FrameLayout[@content-desc="酒店"]/android.widget.FrameLayout/android.widget.FrameLayout/android.widget.LinearLayout')
2022-02-15 13:18:13,118 basepage.py[line:32]INFO - 获取元素失败：('xpath', '//*[@class="android.widget.Image" and @text="close-icon-white"]')
2022-02-15 13:18:13,315 basepage.py[line:29]INFO - 获取到元素：('xpath', '//*[@resource-id="ctrip.android.view:id/a" and @text="查 询"]')
2022-02-15 13:18:16,592 basepage.py[line:29]INFO - 获取到元素：('xpath', '//*[@class="android.widget.ImageView" and @content-desc="关键字/位置/品牌/酒店名"]')
2022-02-15 13:18:18,041 basepage.py[line:29]INFO - 获取到元素：('xpath', '//*[@resource-id="ctrip.android.view:id/a" and @class="android.widget.EditText"]')
2022-02-15 13:18:19,128 basepage.py[line:29]INFO - 获取到元素：('xpath', '//*[@resource-id="ctrip.android.view:id/a" and @class="android.view.ViewGroup"]')
2022-02-15 13:18:21,503 basepage.py[line:40]INFO - 获取到元素：('xpath', '//*[@class="android.view.View" and contains(@content-desc, "杭州浙勤开元名都大酒店")]')
2022-02-15 13:19:02,286 basepage.py[line:40]INFO - 获取到元素：('xpath', "//*[contains(@content-desc, '入住') and @class='android.view.View']")
2022-02-15 13:19:32,564 basepage.py[line:32]INFO - 获取元素失败：('xpath', "//*[contains(@content-desc, '开元酒店集团官方旗舰店') and @class='android.view.View']")
2022-02-15 13:19:53,824 basepage.py[line:40]INFO - 获取到元素：('xpath', "//*[contains(@content-desc, '入住') and @class='android.view.View']")
2022-02-15 13:21:18,880 basepage.py[line:32]INFO - 获取元素失败：('xpath', "//*[contains(@content-desc, '开元酒店集团官方旗舰店') and @class='android.view.View']")
2022-02-15 13:21:27,240 basepage.py[line:40]INFO - 获取到元素：('xpath', "//*[contains(@content-desc, '入住') and @class='android.view.View']")
2022-02-15 13:21:57,965 basepage.py[line:32]INFO - 获取元素失败：('xpath', "//*[contains(@content-desc, '开元酒店集团官方旗舰店') and @class='android.view.View']")
2022-02-15 13:22:04,063 basepage.py[line:40]INFO - 获取到元素：('xpath', "//*[contains(@content-desc, '入住') and @class='android.view.View']")
2022-02-15 13:22:29,481 basepage.py[line:32]INFO - 获取元素失败：('xpath', "//*[contains(@content-desc, '开元酒店集团官方旗舰店') and @class='android.view.View']")
2022-02-15 13:22:38,282 basepage.py[line:40]INFO - 获取到元素：('xpath', "//*[contains(@content-desc, '入住') and @class='android.view.View']")
2022-02-15 13:23:05,366 basepage.py[line:32]INFO - 获取元素失败：('xpath', "//*[contains(@content-desc, '开元酒店集团官方旗舰店') and @class='android.view.View']")
2022-02-15 13:23:17,887 basepage.py[line:40]INFO - 获取到元素：('xpath', "//*[contains(@content-desc, '入住') and @class='android.view.View']")
2022-02-15 13:23:34,879 basepage.py[line:29]INFO - 获取到元素：('xpath', "//*[contains(@content-desc, '开元酒店集团官方旗舰店') and @class='android.view.View']")
2022-02-15 13:24:46,316 basepage.py[line:29]INFO - 获取到元素：('xpath', '//*[@class="android.view.View" and contains(@content-desc, "杭州浙勤开元名都大酒店")]')
2022-02-15 13:24:58,641 basepage.py[line:29]INFO - 获取到元素：('xpath', '//*[@resource-id="ctrip.android.view:id/a" and @class="android.widget.EditText"]')
2022-02-15 13:25:05,813 basepage.py[line:29]INFO - 获取到元素：('xpath', '//*[@resource-id="ctrip.android.view:id/a" and @class="android.view.ViewGroup"]')
2022-02-15 13:25:42,527 basepage.py[line:40]INFO - 获取到元素：('xpath', '//*[@class="android.view.View" and contains(@content-desc, "南京固城湾开元度假酒店")]')
2022-02-15 13:25:55,068 basepage.py[line:40]INFO - 获取到元素：('xpath', "//*[contains(@content-desc, '入住') and @class='android.view.View']")
2022-02-15 13:27:02,871 basepage.py[line:32]INFO - 获取元素失败：('xpath', "//*[contains(@content-desc, '开元酒店集团官方旗舰店') and @class='android.view.View']")
2022-02-15 13:27:11,988 basepage.py[line:40]INFO - 获取到元素：('xpath', "//*[contains(@content-desc, '入住') and @class='android.view.View']")
2022-02-15 13:28:31,952 basepage.py[line:32]INFO - 获取元素失败：('xpath', "//*[contains(@content-desc, '开元酒店集团官方旗舰店') and @class='android.view.View']")
2022-02-15 13:28:36,940 basepage.py[line:40]INFO - 获取到元素：('xpath', "//*[contains(@content-desc, '入住') and @class='android.view.View']")
2022-02-15 13:29:04,360 basepage.py[line:32]INFO - 获取元素失败：('xpath', "//*[contains(@content-desc, '开元酒店集团官方旗舰店') and @class='android.view.View']")
2022-02-15 13:29:09,902 basepage.py[line:40]INFO - 获取到元素：('xpath', "//*[contains(@content-desc, '入住') and @class='android.view.View']")
2022-02-15 13:29:32,111 basepage.py[line:32]INFO - 获取元素失败：('xpath', "//*[contains(@content-desc, '开元酒店集团官方旗舰店') and @class='android.view.View']")
2022-02-15 13:29:37,173 basepage.py[line:40]INFO - 获取到元素：('xpath', "//*[contains(@content-desc, '入住') and @class='android.view.View']")
2022-02-15 13:30:12,148 basepage.py[line:32]INFO - 获取元素失败：('xpath', "//*[contains(@content-desc, '开元酒店集团官方旗舰店') and @class='android.view.View']")
2022-02-15 13:30:17,464 basepage.py[line:40]INFO - 获取到元素：('xpath', "//*[contains(@content-desc, '入住') and @class='android.view.View']")
2022-02-15 13:30:37,036 basepage.py[line:32]INFO - 获取元素失败：('xpath', "//*[contains(@content-desc, '开元酒店集团官方旗舰店') and @class='android.view.View']")
2022-02-15 13:30:41,227 basepage.py[line:40]INFO - 获取到元素：('xpath', "//*[contains(@content-desc, '入住') and @class='android.view.View']")
2022-02-15 13:30:53,443 basepage.py[line:32]INFO - 获取元素失败：('xpath', "//*[contains(@content-desc, '开元酒店集团官方旗舰店') and @class='android.view.View']")
2022-02-15 13:30:56,679 basepage.py[line:40]INFO - 获取到元素：('xpath', "//*[contains(@content-desc, '入住') and @class='android.view.View']")
2022-02-15 13:31:02,472 basepage.py[line:29]INFO - 获取到元素：('xpath', "//*[contains(@content-desc, '开元酒店集团官方旗舰店') and @class='android.view.View']")
