2022-02-15 09:12:22,966 basepage.py[line:27]INFO - 获取到元素：('xpath', '//android.widget.FrameLayout[@content-desc="酒店"]/android.widget.FrameLayout/android.widget.FrameLayout/android.widget.LinearLayout')
2022-02-15 09:12:41,490 basepage.py[line:30]INFO - 获取元素失败：('xpath', '//*[@class="android.widget.Image" and @text="close-icon-white"]')
2022-02-15 09:12:47,248 basepage.py[line:27]INFO - 获取到元素：('xpath', '//*[@resource-id="ctrip.android.view:id/a" and @text="查 询"]')
2022-02-15 09:12:59,256 basepage.py[line:27]INFO - 获取到元素：('xpath', '//*[@class="android.widget.ImageView" and @content-desc="关键字/位置/品牌/酒店名"]')
2022-02-15 09:13:11,306 basepage.py[line:27]INFO - 获取到元素：('xpath', '//*[@resource-id="ctrip.android.view:id/a" and @class="android.widget.EditText"]')
2022-02-15 09:13:21,935 basepage.py[line:27]INFO - 获取到元素：('xpath', '//*[@resource-id="ctrip.android.view:id/a" and @class="android.view.ViewGroup"]')
2022-02-15 09:13:32,294 basepage.py[line:37]INFO - 获取到元素：('xpath', '//*[contains(@content-desc, "杭州浙勤开元名都大酒店")]')
2022-02-15 09:13:52,470 basepage.py[line:37]INFO - 获取到元素：('xpath', "//*[contains(@content-desc, '入住') and @class='android.view.View']")
2022-02-15 09:14:13,598 basepage.py[line:30]INFO - 获取元素失败：('xpath', "//*[contains(@content-desc, '开元酒店集团官方旗舰店') and @class='android.view.View']")
2022-02-15 09:14:19,862 basepage.py[line:37]INFO - 获取到元素：('xpath', "//*[contains(@content-desc, '入住') and @class='android.view.View']")
2022-02-15 09:14:50,957 basepage.py[line:30]INFO - 获取元素失败：('xpath', "//*[contains(@content-desc, '开元酒店集团官方旗舰店') and @class='android.view.View']")
2022-02-15 09:14:55,159 basepage.py[line:37]INFO - 获取到元素：('xpath', "//*[contains(@content-desc, '入住') and @class='android.view.View']")
2022-02-15 09:15:21,757 basepage.py[line:30]INFO - 获取元素失败：('xpath', "//*[contains(@content-desc, '开元酒店集团官方旗舰店') and @class='android.view.View']")
2022-02-15 09:15:28,726 basepage.py[line:40]INFO - 获取元素失败：('xpath', "//*[contains(@content-desc, '入住') and @class='android.view.View']")
2022-02-15 09:15:29,827 basepage.py[line:27]INFO - 获取到元素：('xpath', "//*[contains(@content-desc, '开元酒店集团官方旗舰店') and @class='android.view.View']")
2022-02-15 09:15:33,822 basepage.py[line:27]INFO - 获取到元素：('xpath', "//android.view.View[@content-desc='收藏']/preceding-sibling::android.view.View[1]")
2022-02-15 09:15:42,044 basepage.py[line:27]INFO - 获取到元素：('xpath', '//*[contains(@content-desc, "杭州浙勤开元名都大酒店")]')
2022-02-15 09:15:53,592 basepage.py[line:27]INFO - 获取到元素：('xpath', '//*[@resource-id="ctrip.android.view:id/a" and @class="android.widget.EditText"]')
2022-02-15 09:16:04,167 basepage.py[line:27]INFO - 获取到元素：('xpath', '//*[@resource-id="ctrip.android.view:id/a" and @class="android.view.ViewGroup"]')
2022-02-15 09:16:14,730 basepage.py[line:37]INFO - 获取到元素：('xpath', '//*[contains(@content-desc, "南京固城湾开元度假酒店")]')
2022-02-15 09:16:33,639 basepage.py[line:37]INFO - 获取到元素：('xpath', "//*[contains(@content-desc, '入住') and @class='android.view.View']")
2022-02-15 09:16:45,749 basepage.py[line:30]INFO - 获取元素失败：('xpath', "//*[contains(@content-desc, '开元酒店集团官方旗舰店') and @class='android.view.View']")
2022-02-15 09:16:50,750 basepage.py[line:37]INFO - 获取到元素：('xpath', "//*[contains(@content-desc, '入住') and @class='android.view.View']")
2022-02-15 09:17:27,872 basepage.py[line:30]INFO - 获取元素失败：('xpath', "//*[contains(@content-desc, '开元酒店集团官方旗舰店') and @class='android.view.View']")
2022-02-15 09:17:34,732 basepage.py[line:37]INFO - 获取到元素：('xpath', "//*[contains(@content-desc, '入住') and @class='android.view.View']")
