2022-02-15 08:57:23,360 basepage.py[line:27]INFO - 获取到元素：('xpath', '//android.widget.FrameLayout[@content-desc="酒店"]/android.widget.FrameLayout/android.widget.FrameLayout/android.widget.LinearLayout')
2022-02-15 08:57:44,556 basepage.py[line:30]INFO - 获取元素失败：('xpath', '//*[@class="android.widget.Image" and @text="close-icon-white"]')
2022-02-15 08:57:48,469 basepage.py[line:27]INFO - 获取到元素：('xpath', '//*[@resource-id="ctrip.android.view:id/a" and @text="查 询"]')
2022-02-15 08:57:59,931 basepage.py[line:27]INFO - 获取到元素：('xpath', '//*[@class="android.widget.ImageView" and @content-desc="关键字/位置/品牌/酒店名"]')
2022-02-15 08:58:08,802 basepage.py[line:27]INFO - 获取到元素：('xpath', '//*[@resource-id="ctrip.android.view:id/a" and @class="android.widget.EditText"]')
2022-02-15 08:58:16,914 basepage.py[line:27]INFO - 获取到元素：('xpath', '//*[@resource-id="ctrip.android.view:id/a" and @class="android.view.ViewGroup"]')
2022-02-15 08:58:27,205 basepage.py[line:37]INFO - 获取到元素：('xpath', '//*[contains(@content-desc, "杭州浙勤开元名都大酒店")]')
2022-02-15 08:58:53,168 basepage.py[line:37]INFO - 获取到元素：('xpath', "//*[contains(@content-desc, '入住') and @class='android.view.View']")
2022-02-15 08:59:22,770 basepage.py[line:30]INFO - 获取元素失败：('xpath', "//*[contains(@content-desc, '开元酒店集团官方旗舰店') and @class='android.view.View']")
2022-02-15 08:59:26,950 basepage.py[line:37]INFO - 获取到元素：('xpath', "//*[contains(@content-desc, '入住') and @class='android.view.View']")
2022-02-15 08:59:57,552 basepage.py[line:30]INFO - 获取元素失败：('xpath', "//*[contains(@content-desc, '开元酒店集团官方旗舰店') and @class='android.view.View']")
2022-02-15 09:00:01,876 basepage.py[line:37]INFO - 获取到元素：('xpath', "//*[contains(@content-desc, '入住') and @class='android.view.View']")
2022-02-15 09:00:34,011 basepage.py[line:30]INFO - 获取元素失败：('xpath', "//*[contains(@content-desc, '开元酒店集团官方旗舰店') and @class='android.view.View']")
2022-02-15 09:00:42,102 basepage.py[line:40]INFO - 获取元素失败：('xpath', "//*[contains(@content-desc, '入住') and @class='android.view.View']")
2022-02-15 09:00:45,093 basepage.py[line:27]INFO - 获取到元素：('xpath', "//*[contains(@content-desc, '开元酒店集团官方旗舰店') and @class='android.view.View']")
2022-02-15 09:00:49,142 basepage.py[line:27]INFO - 获取到元素：('xpath', "//android.view.View[@content-desc='收藏']/preceding-sibling::android.view.View[1]")
2022-02-15 09:00:56,112 basepage.py[line:27]INFO - 获取到元素：('xpath', '//*[contains(@content-desc, "杭州浙勤开元名都大酒店")]')
2022-02-15 09:01:06,673 basepage.py[line:27]INFO - 获取到元素：('xpath', '//*[@resource-id="ctrip.android.view:id/a" and @class="android.widget.EditText"]')
2022-02-15 09:01:14,679 basepage.py[line:27]INFO - 获取到元素：('xpath', '//*[@resource-id="ctrip.android.view:id/a" and @class="android.view.ViewGroup"]')
2022-02-15 09:01:24,431 basepage.py[line:37]INFO - 获取到元素：('xpath', '//*[contains(@content-desc, "南京固城湾开元度假酒店")]')
2022-02-15 09:01:43,065 basepage.py[line:37]INFO - 获取到元素：('xpath', "//*[contains(@content-desc, '入住') and @class='android.view.View']")
2022-02-15 09:01:56,154 basepage.py[line:30]INFO - 获取元素失败：('xpath', "//*[contains(@content-desc, '开元酒店集团官方旗舰店') and @class='android.view.View']")
2022-02-15 09:02:02,677 basepage.py[line:37]INFO - 获取到元素：('xpath', "//*[contains(@content-desc, '入住') and @class='android.view.View']")
2022-02-15 09:02:47,786 basepage.py[line:30]INFO - 获取元素失败：('xpath', "//*[contains(@content-desc, '开元酒店集团官方旗舰店') and @class='android.view.View']")
2022-02-15 09:02:51,692 basepage.py[line:37]INFO - 获取到元素：('xpath', "//*[contains(@content-desc, '入住') and @class='android.view.View']")
