2022-02-15 16:46:04,450 basepage.py[line:29]INFO - 获取到元素：('xpath', '//android.widget.FrameLayout[@content-desc="酒店"]/android.widget.FrameLayout/android.widget.FrameLayout/android.widget.LinearLayout')
2022-02-15 16:46:14,304 basepage.py[line:32]INFO - 获取元素失败：('xpath', '//*[@class="android.widget.Image" and @text="close-icon-white"]')
2022-02-15 16:46:14,535 basepage.py[line:29]INFO - 获取到元素：('xpath', '//*[@resource-id="ctrip.android.view:id/a" and @text="查 询"]')
2022-02-15 16:46:30,804 basepage.py[line:29]INFO - 获取到元素：('xpath', '//*[@class="android.widget.ImageView" and @content-desc="关键字/位置/品牌/酒店名"]')
2022-02-15 16:46:35,213 basepage.py[line:29]INFO - 获取到元素：('xpath', '//*[@resource-id="ctrip.android.view:id/a" and @class="android.widget.EditText"]')
2022-02-15 16:46:40,331 basepage.py[line:29]INFO - 获取到元素：('xpath', '//*[@resource-id="ctrip.android.view:id/a" and @class="android.view.ViewGroup"]')
2022-02-15 16:47:01,152 basepage.py[line:40]INFO - 获取到元素：('xpath', '//*[@class="android.view.View" and contains(@content-desc, "南京固城湾开元度假酒店")]')
2022-02-15 16:47:06,437 basepage.py[line:40]INFO - 获取到元素：('xpath', "//*[contains(@content-desc, '入住') and @class='android.view.View']")
2022-02-15 16:47:22,065 basepage.py[line:32]INFO - 获取元素失败：('xpath', "//*[contains(@content-desc, '开元酒店集团官方旗舰店') and @class='android.view.View']")
2022-02-15 16:47:28,301 basepage.py[line:40]INFO - 获取到元素：('xpath', "//*[contains(@content-desc, '入住') and @class='android.view.View']")
2022-02-15 16:48:00,923 basepage.py[line:32]INFO - 获取元素失败：('xpath', "//*[contains(@content-desc, '开元酒店集团官方旗舰店') and @class='android.view.View']")
2022-02-15 16:48:21,117 basepage.py[line:40]INFO - 获取到元素：('xpath', "//*[contains(@content-desc, '入住') and @class='android.view.View']")
2022-02-15 16:48:56,192 basepage.py[line:32]INFO - 获取元素失败：('xpath', "//*[contains(@content-desc, '开元酒店集团官方旗舰店') and @class='android.view.View']")
2022-02-15 16:48:59,384 basepage.py[line:40]INFO - 获取到元素：('xpath', "//*[contains(@content-desc, '入住') and @class='android.view.View']")
2022-02-15 16:49:11,846 basepage.py[line:32]INFO - 获取元素失败：('xpath', "//*[contains(@content-desc, '开元酒店集团官方旗舰店') and @class='android.view.View']")
2022-02-15 16:49:18,177 basepage.py[line:40]INFO - 获取到元素：('xpath', "//*[contains(@content-desc, '入住') and @class='android.view.View']")
2022-02-15 16:49:36,208 basepage.py[line:29]INFO - 获取到元素：('xpath', "//*[contains(@content-desc, '开元酒店集团官方旗舰店') and @class='android.view.View']")
2022-02-15 16:49:42,055 basepage.py[line:29]INFO - 获取到元素：('xpath', '//*[@class="android.view.View" and contains(@content-desc, "南京固城湾开元度假酒店")]')
2022-02-15 16:49:45,280 basepage.py[line:29]INFO - 获取到元素：('xpath', '//*[@resource-id="ctrip.android.view:id/a" and @class="android.widget.EditText"]')
2022-02-15 16:49:47,795 basepage.py[line:29]INFO - 获取到元素：('xpath', '//*[@resource-id="ctrip.android.view:id/a" and @class="android.view.ViewGroup"]')
2022-02-15 16:49:54,969 basepage.py[line:40]INFO - 获取到元素：('xpath', '//*[@class="android.view.View" and contains(@content-desc, "盐城开元芳草地乡村酒店")]')
2022-02-15 16:49:57,608 basepage.py[line:40]INFO - 获取到元素：('xpath', "//*[contains(@content-desc, '入住') and @class='android.view.View']")
