2022-02-14 17:00:18,806 basepage.py[line:27]INFO - 获取到元素：('xpath', '//android.widget.FrameLayout[@content-desc="酒店"]/android.widget.FrameLayout/android.widget.FrameLayout/android.widget.LinearLayout')
2022-02-14 17:00:36,187 basepage.py[line:30]INFO - 获取元素失败：('xpath', '//*[@class="android.widget.Image" and @text="close-icon-white"]')
2022-02-14 17:00:42,491 basepage.py[line:27]INFO - 获取到元素：('xpath', '//*[@resource-id="ctrip.android.view:id/a" and @text="查 询"]')
2022-02-14 17:00:58,467 basepage.py[line:27]INFO - 获取到元素：('xpath', '//*[@class="android.widget.ImageView" and @content-desc="关键字/位置/品牌/酒店名"]')
2022-02-14 17:01:10,578 basepage.py[line:27]INFO - 获取到元素：('xpath', '//*[@resource-id="ctrip.android.view:id/a" and @class="android.widget.EditText"]')
2022-02-14 17:01:18,609 basepage.py[line:27]INFO - 获取到元素：('xpath', '//*[@resource-id="ctrip.android.view:id/a" and @class="android.view.ViewGroup"]')
2022-02-14 17:01:29,162 basepage.py[line:37]INFO - 获取到元素：('xpath', '//*[contains(@content-desc, "杭州浙勤开元名都大酒店")]')
2022-02-14 17:02:05,901 basepage.py[line:37]INFO - 获取到元素：('xpath', "//*[contains(@content-desc, '入住') and @class='android.view.View']")
2022-02-14 17:02:41,332 basepage.py[line:30]INFO - 获取元素失败：('xpath', "//*[contains(@content-desc, '开元酒店集团官方旗舰店') and @class='android.view.View']")
2022-02-14 17:02:49,394 basepage.py[line:37]INFO - 获取到元素：('xpath', "//*[contains(@content-desc, '入住') and @class='android.view.View']")
2022-02-14 17:03:43,674 basepage.py[line:30]INFO - 获取元素失败：('xpath', "//*[contains(@content-desc, '开元酒店集团官方旗舰店') and @class='android.view.View']")
2022-02-14 17:03:49,794 basepage.py[line:37]INFO - 获取到元素：('xpath', "//*[contains(@content-desc, '入住') and @class='android.view.View']")
2022-02-14 17:04:30,303 basepage.py[line:30]INFO - 获取元素失败：('xpath', "//*[contains(@content-desc, '开元酒店集团官方旗舰店') and @class='android.view.View']")
2022-02-14 17:04:39,927 basepage.py[line:40]INFO - 获取元素失败：('xpath', "//*[contains(@content-desc, '入住') and @class='android.view.View']")
2022-02-14 17:04:42,705 basepage.py[line:27]INFO - 获取到元素：('xpath', "//*[contains(@content-desc, '开元酒店集团官方旗舰店') and @class='android.view.View']")
2022-02-14 17:04:46,515 basepage.py[line:27]INFO - 获取到元素：('xpath', "//android.view.View[@content-desc='收藏']/preceding-sibling::android.view.View[1]")
2022-02-14 17:04:57,078 basepage.py[line:27]INFO - 获取到元素：('xpath', '//*[contains(@content-desc, "杭州浙勤开元名都大酒店")]')
2022-02-14 17:05:09,525 basepage.py[line:27]INFO - 获取到元素：('xpath', '//*[@resource-id="ctrip.android.view:id/a" and @class="android.widget.EditText"]')
2022-02-14 17:05:18,498 basepage.py[line:27]INFO - 获取到元素：('xpath', '//*[@resource-id="ctrip.android.view:id/a" and @class="android.view.ViewGroup"]')
2022-02-14 17:05:34,035 basepage.py[line:37]INFO - 获取到元素：('xpath', '//*[contains(@content-desc, "南京固城湾开元度假酒店")]')
