2022-02-15 10:09:20,517 basepage.py[line:29]INFO - 获取到元素：('xpath', '//android.widget.FrameLayout[@content-desc="酒店"]/android.widget.FrameLayout/android.widget.FrameLayout/android.widget.LinearLayout')
2022-02-15 10:09:36,801 basepage.py[line:32]INFO - 获取元素失败：('xpath', '//*[@class="android.widget.Image" and @text="close-icon-white"]')
2022-02-15 10:09:38,017 basepage.py[line:29]INFO - 获取到元素：('xpath', '//*[@resource-id="ctrip.android.view:id/a" and @text="查 询"]')
2022-02-15 10:09:47,075 basepage.py[line:29]INFO - 获取到元素：('xpath', '//*[@class="android.widget.ImageView" and @content-desc="关键字/位置/品牌/酒店名"]')
2022-02-15 10:09:54,085 basepage.py[line:29]INFO - 获取到元素：('xpath', '//*[@resource-id="ctrip.android.view:id/a" and @class="android.widget.EditText"]')
2022-02-15 10:09:59,769 basepage.py[line:29]INFO - 获取到元素：('xpath', '//*[@resource-id="ctrip.android.view:id/a" and @class="android.view.ViewGroup"]')
2022-02-15 10:10:08,005 basepage.py[line:40]INFO - 获取到元素：('xpath', '//*[contains(@content-desc, "杭州浙勤开元名都大酒店")]')
2022-02-15 10:10:23,817 basepage.py[line:40]INFO - 获取到元素：('xpath', "//*[contains(@content-desc, '入住') and @class='android.view.View']")
2022-02-15 10:10:41,262 basepage.py[line:32]INFO - 获取元素失败：('xpath', "//*[contains(@content-desc, '开元酒店集团官方旗舰店') and @class='android.view.View']")
2022-02-15 10:10:44,722 basepage.py[line:40]INFO - 获取到元素：('xpath', "//*[contains(@content-desc, '入住') and @class='android.view.View']")
2022-02-15 10:11:22,043 basepage.py[line:32]INFO - 获取元素失败：('xpath', "//*[contains(@content-desc, '开元酒店集团官方旗舰店') and @class='android.view.View']")
2022-02-15 10:11:24,838 basepage.py[line:40]INFO - 获取到元素：('xpath', "//*[contains(@content-desc, '入住') and @class='android.view.View']")
2022-02-15 10:11:45,904 basepage.py[line:32]INFO - 获取元素失败：('xpath', "//*[contains(@content-desc, '开元酒店集团官方旗舰店') and @class='android.view.View']")
2022-02-15 10:11:53,955 basepage.py[line:40]INFO - 获取到元素：('xpath', "//*[contains(@content-desc, '入住') and @class='android.view.View']")
2022-02-15 10:11:55,546 basepage.py[line:29]INFO - 获取到元素：('xpath', "//*[contains(@content-desc, '开元酒店集团官方旗舰店') and @class='android.view.View']")
2022-02-15 10:11:56,709 basepage.py[line:29]INFO - 获取到元素：('xpath', "//android.view.View[@content-desc='收藏']/preceding-sibling::android.view.View[1]")
2022-02-15 10:12:00,716 basepage.py[line:29]INFO - 获取到元素：('xpath', '//*[contains(@content-desc, "杭州浙勤开元名都大酒店")]')
2022-02-15 10:12:04,903 basepage.py[line:29]INFO - 获取到元素：('xpath', '//*[@resource-id="ctrip.android.view:id/a" and @class="android.widget.EditText"]')
2022-02-15 10:12:10,687 basepage.py[line:29]INFO - 获取到元素：('xpath', '//*[@resource-id="ctrip.android.view:id/a" and @class="android.view.ViewGroup"]')
2022-02-15 10:12:14,499 basepage.py[line:40]INFO - 获取到元素：('xpath', '//*[contains(@content-desc, "南京固城湾开元度假酒店")]')
